2023-09-28 19:55:53,212|TRACE|AbstractApplicationContext.java:651 |main|Refreshing org.springframework.context.annotation.AnnotationConfigApplicationContext@117159c0, started on Thu Sep 28 19:55:53 CST 2023
2023-09-28 19:55:53,224|DEBUG|DefaultSingletonBeanRegistry.java:225 |main|Creating shared instance of singleton bean 'org.springframework.context.annotation.internalConfigurationAnnotationProcessor'
2023-09-28 19:55:53,225|TRACE|AbstractAutowireCapableBeanFactory.java:485 |main|Creating instance of bean 'org.springframework.context.annotation.internalConfigurationAnnotationProcessor'
2023-09-28 19:55:53,232|TRACE|AbstractAutowireCapableBeanFactory.java:588 |main|Eagerly caching bean 'org.springframework.context.annotation.internalConfigurationAnnotationProcessor' to allow for resolving potential circular references
2023-09-28 19:55:53,233|TRACE|AbstractAutowireCapableBeanFactory.java:522 |main|Finished creating instance of bean 'org.springframework.context.annotation.internalConfigurationAnnotationProcessor'
2023-09-28 19:55:53,240|TRACE|PathMatchingResourcePatternResolver.java:880 |main|Resolved module-path location pattern [com/homura/app/**/*.class] to resources []
2023-09-28 19:55:53,241|TRACE|PathMatchingResourcePatternResolver.java:880 |main|Resolved module-path location pattern [com/homura/app/] to resources []
2023-09-28 19:55:53,242|TRACE|PathMatchingResourcePatternResolver.java:366 |main|Resolved classpath location [com/homura/app/] to resources [file [D:\git\code\SpringCircularReferenceDemo\SpringCircularReferenceDemo\target\classes\com\homura\app]]
2023-09-28 19:55:53,242|TRACE|PathMatchingResourcePatternResolver.java:805 |main|Searching directory [D:\git\code\SpringCircularReferenceDemo\SpringCircularReferenceDemo\target\classes\com\homura\app] for files matching pattern [**/*.class]
2023-09-28 19:55:53,245|TRACE|PathMatchingResourcePatternResolver.java:580 |main|Resolved location pattern [classpath*:com/homura/app/**/*.class] to resources [file [D:\git\code\SpringCircularReferenceDemo\SpringCircularReferenceDemo\target\classes\com\homura\app\App.class], file [D:\git\code\SpringCircularReferenceDemo\SpringCircularReferenceDemo\target\classes\com\homura\app\bean\Alpha.class], file [D:\git\code\SpringCircularReferenceDemo\SpringCircularReferenceDemo\target\classes\com\homura\app\bean\Beta.class], file [D:\git\code\SpringCircularReferenceDemo\SpringCircularReferenceDemo\target\classes\com\homura\app\config\AppConfig.class]]
2023-09-28 19:55:53,245|TRACE|ClassPathScanningCandidateComponentProvider.java:432 |main|Scanning file [D:\git\code\SpringCircularReferenceDemo\SpringCircularReferenceDemo\target\classes\com\homura\app\App.class]
2023-09-28 19:55:53,268|TRACE|ClassPathScanningCandidateComponentProvider.java:453 |main|Ignored because not matching any filter: file [D:\git\code\SpringCircularReferenceDemo\SpringCircularReferenceDemo\target\classes\com\homura\app\App.class]
2023-09-28 19:55:53,269|TRACE|ClassPathScanningCandidateComponentProvider.java:432 |main|Scanning file [D:\git\code\SpringCircularReferenceDemo\SpringCircularReferenceDemo\target\classes\com\homura\app\bean\Alpha.class]
2023-09-28 19:55:53,270|DEBUG|ClassPathScanningCandidateComponentProvider.java:441 |main|Identified candidate component class: file [D:\git\code\SpringCircularReferenceDemo\SpringCircularReferenceDemo\target\classes\com\homura\app\bean\Alpha.class]
2023-09-28 19:55:53,270|TRACE|ClassPathScanningCandidateComponentProvider.java:432 |main|Scanning file [D:\git\code\SpringCircularReferenceDemo\SpringCircularReferenceDemo\target\classes\com\homura\app\bean\Beta.class]
2023-09-28 19:55:53,271|DEBUG|ClassPathScanningCandidateComponentProvider.java:441 |main|Identified candidate component class: file [D:\git\code\SpringCircularReferenceDemo\SpringCircularReferenceDemo\target\classes\com\homura\app\bean\Beta.class]
2023-09-28 19:55:53,271|TRACE|ClassPathScanningCandidateComponentProvider.java:432 |main|Scanning file [D:\git\code\SpringCircularReferenceDemo\SpringCircularReferenceDemo\target\classes\com\homura\app\config\AppConfig.class]
2023-09-28 19:55:53,271|TRACE|ClassPathScanningCandidateComponentProvider.java:453 |main|Ignored because not matching any filter: file [D:\git\code\SpringCircularReferenceDemo\SpringCircularReferenceDemo\target\classes\com\homura\app\config\AppConfig.class]
2023-09-28 19:55:53,318|TRACE|ConfigurationClassEnhancer.java:111 |main|Successfully enhanced com.homura.app.config.AppConfig; enhanced class name is: com.homura.app.config.AppConfig$$SpringCGLIB$$0
2023-09-28 19:55:53,318|TRACE|ConfigurationClassPostProcessor.java:534 |main|Replacing bean definition 'appConfig' existing class 'com.homura.app.config.AppConfig' with enhanced class 'com.homura.app.config.AppConfig$$SpringCGLIB$$0'
2023-09-28 19:55:53,319|DEBUG|DefaultSingletonBeanRegistry.java:225 |main|Creating shared instance of singleton bean 'org.springframework.context.event.internalEventListenerProcessor'
2023-09-28 19:55:53,319|TRACE|AbstractAutowireCapableBeanFactory.java:485 |main|Creating instance of bean 'org.springframework.context.event.internalEventListenerProcessor'
2023-09-28 19:55:53,320|TRACE|AbstractAutowireCapableBeanFactory.java:588 |main|Eagerly caching bean 'org.springframework.context.event.internalEventListenerProcessor' to allow for resolving potential circular references
2023-09-28 19:55:53,321|TRACE|AbstractAutowireCapableBeanFactory.java:522 |main|Finished creating instance of bean 'org.springframework.context.event.internalEventListenerProcessor'
2023-09-28 19:55:53,321|DEBUG|DefaultSingletonBeanRegistry.java:225 |main|Creating shared instance of singleton bean 'org.springframework.context.event.internalEventListenerFactory'
2023-09-28 19:55:53,321|TRACE|AbstractAutowireCapableBeanFactory.java:485 |main|Creating instance of bean 'org.springframework.context.event.internalEventListenerFactory'
2023-09-28 19:55:53,322|TRACE|AbstractAutowireCapableBeanFactory.java:588 |main|Eagerly caching bean 'org.springframework.context.event.internalEventListenerFactory' to allow for resolving potential circular references
2023-09-28 19:55:53,322|TRACE|AbstractAutowireCapableBeanFactory.java:522 |main|Finished creating instance of bean 'org.springframework.context.event.internalEventListenerFactory'
2023-09-28 19:55:53,322|DEBUG|DefaultSingletonBeanRegistry.java:225 |main|Creating shared instance of singleton bean 'org.springframework.context.annotation.internalAutowiredAnnotationProcessor'
2023-09-28 19:55:53,322|TRACE|AbstractAutowireCapableBeanFactory.java:485 |main|Creating instance of bean 'org.springframework.context.annotation.internalAutowiredAnnotationProcessor'
2023-09-28 19:55:53,323|TRACE|AbstractAutowireCapableBeanFactory.java:588 |main|Eagerly caching bean 'org.springframework.context.annotation.internalAutowiredAnnotationProcessor' to allow for resolving potential circular references
2023-09-28 19:55:53,323|TRACE|AbstractAutowireCapableBeanFactory.java:522 |main|Finished creating instance of bean 'org.springframework.context.annotation.internalAutowiredAnnotationProcessor'
2023-09-28 19:55:53,325|TRACE|AbstractApplicationContext.java:817 |main|No 'messageSource' bean, using [Empty MessageSource]
2023-09-28 19:55:53,326|TRACE|AbstractApplicationContext.java:840 |main|No 'applicationEventMulticaster' bean, using [SimpleApplicationEventMulticaster]
2023-09-28 19:55:53,326|TRACE|DefaultListableBeanFactory.java:955 |main|Pre-instantiating singletons in org.springframework.beans.factory.support.DefaultListableBeanFactory@66c61024: defining beans [org.springframework.context.annotation.internalConfigurationAnnotationProcessor,org.springframework.context.annotation.internalAutowiredAnnotationProcessor,org.springframework.context.event.internalEventListenerProcessor,org.springframework.context.event.internalEventListenerFactory,appConfig,alpha,beta]; root of factory hierarchy
2023-09-28 19:55:53,326|TRACE|AbstractBeanFactory.java:256 |main|Returning cached instance of singleton bean 'org.springframework.context.annotation.internalConfigurationAnnotationProcessor'
2023-09-28 19:55:53,326|TRACE|AbstractBeanFactory.java:256 |main|Returning cached instance of singleton bean 'org.springframework.context.annotation.internalAutowiredAnnotationProcessor'
2023-09-28 19:55:53,327|TRACE|AbstractBeanFactory.java:256 |main|Returning cached instance of singleton bean 'org.springframework.context.event.internalEventListenerProcessor'
2023-09-28 19:55:53,327|TRACE|AbstractBeanFactory.java:256 |main|Returning cached instance of singleton bean 'org.springframework.context.event.internalEventListenerFactory'
2023-09-28 19:55:53,327|DEBUG|DefaultSingletonBeanRegistry.java:225 |main|Creating shared instance of singleton bean 'appConfig'
2023-09-28 19:55:53,327|TRACE|AbstractAutowireCapableBeanFactory.java:485 |main|Creating instance of bean 'appConfig'
2023-09-28 19:55:53,329|TRACE|AbstractAutowireCapableBeanFactory.java:588 |main|Eagerly caching bean 'appConfig' to allow for resolving potential circular references
2023-09-28 19:55:53,329|TRACE|AbstractAutowireCapableBeanFactory.java:522 |main|Finished creating instance of bean 'appConfig'
2023-09-28 19:55:53,329|DEBUG|DefaultSingletonBeanRegistry.java:225 |main|Creating shared instance of singleton bean 'alpha'
2023-09-28 19:55:53,329|TRACE|AbstractAutowireCapableBeanFactory.java:485 |main|Creating instance of bean 'alpha'
2023-09-28 19:55:53,331|TRACE|AbstractAutowireCapableBeanFactory.java:588 |main|Eagerly caching bean 'alpha' to allow for resolving potential circular references
2023-09-28 19:55:53,334|DEBUG|DefaultSingletonBeanRegistry.java:225 |main|Creating shared instance of singleton bean 'beta'
2023-09-28 19:55:53,334|TRACE|AbstractAutowireCapableBeanFactory.java:485 |main|Creating instance of bean 'beta'
2023-09-28 19:55:53,335|TRACE|AbstractAutowireCapableBeanFactory.java:588 |main|Eagerly caching bean 'beta' to allow for resolving potential circular references
2023-09-28 19:55:53,335|TRACE|AbstractBeanFactory.java:252 |main|Returning eagerly cached instance of singleton bean 'alpha' that is not fully initialized yet - a consequence of a circular reference
2023-09-28 19:55:53,335|TRACE|AutowiredAnnotationBeanPostProcessor.java:630 |main|Autowiring by type from bean name 'beta' to bean named 'alpha'
2023-09-28 19:55:53,336|TRACE|AbstractAutowireCapableBeanFactory.java:522 |main|Finished creating instance of bean 'beta'
2023-09-28 19:55:53,336|TRACE|AutowiredAnnotationBeanPostProcessor.java:630 |main|Autowiring by type from bean name 'alpha' to bean named 'beta'
2023-09-28 19:55:53,336|TRACE|AbstractAutowireCapableBeanFactory.java:522 |main|Finished creating instance of bean 'alpha'
2023-09-28 19:55:53,336|TRACE|AbstractBeanFactory.java:256 |main|Returning cached instance of singleton bean 'beta'
2023-09-28 19:55:53,338|TRACE|EventListenerMethodProcessor.java:172 |main|No @EventListener annotations found on bean class: com.homura.app.config.AppConfig$$SpringCGLIB$$0
2023-09-28 19:55:53,339|TRACE|EventListenerMethodProcessor.java:172 |main|No @EventListener annotations found on bean class: com.homura.app.bean.Alpha
2023-09-28 19:55:53,339|TRACE|EventListenerMethodProcessor.java:172 |main|No @EventListener annotations found on bean class: com.homura.app.bean.Beta
2023-09-28 19:55:53,339|TRACE|AbstractApplicationContext.java:866 |main|No 'lifecycleProcessor' bean, using [DefaultLifecycleProcessor]
2023-09-28 19:55:53,340|TRACE|AbstractBeanFactory.java:256 |main|Returning cached instance of singleton bean 'lifecycleProcessor'
2023-09-28 19:55:53,345|TRACE|SpringFactoriesLoader.java:202 |main|Loaded [org.springframework.beans.BeanInfoFactory] names: []
2023-09-28 19:55:53,346|TRACE|AbstractBeanFactory.java:256 |main|Returning cached instance of singleton bean 'lifecycleProcessor'
2023-09-28 19:55:53,346|TRACE|AbstractBeanFactory.java:256 |main|Returning cached instance of singleton bean 'beta'
2023-09-28 19:55:53,347|TRACE|DefaultListableBeanFactory.java:891 |main|No bean named 'alphaBean' found in org.springframework.beans.factory.support.DefaultListableBeanFactory@66c61024: defining beans [org.springframework.context.annotation.internalConfigurationAnnotationProcessor,org.springframework.context.annotation.internalAutowiredAnnotationProcessor,org.springframework.context.event.internalEventListenerProcessor,org.springframework.context.event.internalEventListenerFactory,appConfig,alpha,beta]; root of factory hierarchy
2023-09-28 20:56:46,776|TRACE|AbstractApplicationContext.java:651 |main|Refreshing org.springframework.context.annotation.AnnotationConfigApplicationContext@1c5920df, started on Thu Sep 28 20:56:46 CST 2023
2023-09-28 20:56:46,798|DEBUG|DefaultSingletonBeanRegistry.java:225 |main|Creating shared instance of singleton bean 'org.springframework.context.annotation.internalConfigurationAnnotationProcessor'
2023-09-28 20:56:46,799|TRACE|AbstractAutowireCapableBeanFactory.java:485 |main|Creating instance of bean 'org.springframework.context.annotation.internalConfigurationAnnotationProcessor'
2023-09-28 20:56:57,344|TRACE|AbstractAutowireCapableBeanFactory.java:588 |main|Eagerly caching bean 'org.springframework.context.annotation.internalConfigurationAnnotationProcessor' to allow for resolving potential circular references
2023-09-28 20:57:07,862|TRACE|AbstractAutowireCapableBeanFactory.java:522 |main|Finished creating instance of bean 'org.springframework.context.annotation.internalConfigurationAnnotationProcessor'
2023-09-28 20:57:07,869|TRACE|PathMatchingResourcePatternResolver.java:880 |main|Resolved module-path location pattern [com/homura/app/**/*.class] to resources []
2023-09-28 20:57:07,870|TRACE|PathMatchingResourcePatternResolver.java:880 |main|Resolved module-path location pattern [com/homura/app/] to resources []
2023-09-28 20:57:07,871|TRACE|PathMatchingResourcePatternResolver.java:366 |main|Resolved classpath location [com/homura/app/] to resources [file [D:\git\code\SpringCircularReferenceDemo\SpringCircularReferenceDemo\target\classes\com\homura\app]]
2023-09-28 20:57:07,871|TRACE|PathMatchingResourcePatternResolver.java:805 |main|Searching directory [D:\git\code\SpringCircularReferenceDemo\SpringCircularReferenceDemo\target\classes\com\homura\app] for files matching pattern [**/*.class]
2023-09-28 20:57:07,875|TRACE|PathMatchingResourcePatternResolver.java:580 |main|Resolved location pattern [classpath*:com/homura/app/**/*.class] to resources [file [D:\git\code\SpringCircularReferenceDemo\SpringCircularReferenceDemo\target\classes\com\homura\app\App.class], file [D:\git\code\SpringCircularReferenceDemo\SpringCircularReferenceDemo\target\classes\com\homura\app\bean\Alpha.class], file [D:\git\code\SpringCircularReferenceDemo\SpringCircularReferenceDemo\target\classes\com\homura\app\bean\Beta.class], file [D:\git\code\SpringCircularReferenceDemo\SpringCircularReferenceDemo\target\classes\com\homura\app\config\AppConfig.class]]
2023-09-28 20:57:07,875|TRACE|ClassPathScanningCandidateComponentProvider.java:432 |main|Scanning file [D:\git\code\SpringCircularReferenceDemo\SpringCircularReferenceDemo\target\classes\com\homura\app\App.class]
2023-09-28 20:57:07,880|TRACE|ClassPathScanningCandidateComponentProvider.java:453 |main|Ignored because not matching any filter: file [D:\git\code\SpringCircularReferenceDemo\SpringCircularReferenceDemo\target\classes\com\homura\app\App.class]
2023-09-28 20:57:07,880|TRACE|ClassPathScanningCandidateComponentProvider.java:432 |main|Scanning file [D:\git\code\SpringCircularReferenceDemo\SpringCircularReferenceDemo\target\classes\com\homura\app\bean\Alpha.class]
2023-09-28 20:57:07,882|DEBUG|ClassPathScanningCandidateComponentProvider.java:441 |main|Identified candidate component class: file [D:\git\code\SpringCircularReferenceDemo\SpringCircularReferenceDemo\target\classes\com\homura\app\bean\Alpha.class]
2023-09-28 20:57:07,882|TRACE|ClassPathScanningCandidateComponentProvider.java:432 |main|Scanning file [D:\git\code\SpringCircularReferenceDemo\SpringCircularReferenceDemo\target\classes\com\homura\app\bean\Beta.class]
2023-09-28 20:57:07,882|DEBUG|ClassPathScanningCandidateComponentProvider.java:441 |main|Identified candidate component class: file [D:\git\code\SpringCircularReferenceDemo\SpringCircularReferenceDemo\target\classes\com\homura\app\bean\Beta.class]
2023-09-28 20:57:07,883|TRACE|ClassPathScanningCandidateComponentProvider.java:432 |main|Scanning file [D:\git\code\SpringCircularReferenceDemo\SpringCircularReferenceDemo\target\classes\com\homura\app\config\AppConfig.class]
2023-09-28 20:57:07,883|TRACE|ClassPathScanningCandidateComponentProvider.java:453 |main|Ignored because not matching any filter: file [D:\git\code\SpringCircularReferenceDemo\SpringCircularReferenceDemo\target\classes\com\homura\app\config\AppConfig.class]
2023-09-28 20:57:12,885|TRACE|AbstractApplicationContext.java:651 |main|Refreshing org.springframework.context.annotation.AnnotationConfigApplicationContext@1c5920df, started on Thu Sep 28 20:57:12 CST 2023
2023-09-28 20:57:12,905|DEBUG|DefaultSingletonBeanRegistry.java:225 |main|Creating shared instance of singleton bean 'org.springframework.context.annotation.internalConfigurationAnnotationProcessor'
2023-09-28 20:57:12,905|TRACE|AbstractAutowireCapableBeanFactory.java:485 |main|Creating instance of bean 'org.springframework.context.annotation.internalConfigurationAnnotationProcessor'
2023-09-28 20:57:19,483|TRACE|AbstractAutowireCapableBeanFactory.java:588 |main|Eagerly caching bean 'org.springframework.context.annotation.internalConfigurationAnnotationProcessor' to allow for resolving potential circular references
2023-09-28 20:57:19,485|TRACE|AbstractAutowireCapableBeanFactory.java:522 |main|Finished creating instance of bean 'org.springframework.context.annotation.internalConfigurationAnnotationProcessor'
2023-09-28 20:57:19,493|TRACE|PathMatchingResourcePatternResolver.java:880 |main|Resolved module-path location pattern [com/homura/app/**/*.class] to resources []
2023-09-28 20:57:19,493|TRACE|PathMatchingResourcePatternResolver.java:880 |main|Resolved module-path location pattern [com/homura/app/] to resources []
2023-09-28 20:57:19,495|TRACE|PathMatchingResourcePatternResolver.java:366 |main|Resolved classpath location [com/homura/app/] to resources [file [D:\git\code\SpringCircularReferenceDemo\SpringCircularReferenceDemo\target\classes\com\homura\app]]
2023-09-28 20:57:19,496|TRACE|PathMatchingResourcePatternResolver.java:805 |main|Searching directory [D:\git\code\SpringCircularReferenceDemo\SpringCircularReferenceDemo\target\classes\com\homura\app] for files matching pattern [**/*.class]
2023-09-28 20:57:47,558|TRACE|AbstractApplicationContext.java:651 |main|Refreshing org.springframework.context.annotation.AnnotationConfigApplicationContext@1c5920df, started on Thu Sep 28 20:57:47 CST 2023
2023-09-28 20:58:20,748|DEBUG|DefaultSingletonBeanRegistry.java:225 |main|Creating shared instance of singleton bean 'org.springframework.context.annotation.internalConfigurationAnnotationProcessor'
2023-09-28 20:58:20,748|TRACE|AbstractAutowireCapableBeanFactory.java:485 |main|Creating instance of bean 'org.springframework.context.annotation.internalConfigurationAnnotationProcessor'
2023-09-28 20:58:21,231|TRACE|AbstractAutowireCapableBeanFactory.java:588 |main|Eagerly caching bean 'org.springframework.context.annotation.internalConfigurationAnnotationProcessor' to allow for resolving potential circular references
2023-09-28 20:58:22,148|TRACE|AbstractAutowireCapableBeanFactory.java:522 |main|Finished creating instance of bean 'org.springframework.context.annotation.internalConfigurationAnnotationProcessor'
2023-09-28 20:58:22,720|TRACE|PathMatchingResourcePatternResolver.java:880 |main|Resolved module-path location pattern [com/homura/app/**/*.class] to resources []
2023-09-28 20:58:22,720|TRACE|PathMatchingResourcePatternResolver.java:880 |main|Resolved module-path location pattern [com/homura/app/] to resources []
2023-09-28 20:58:22,722|TRACE|PathMatchingResourcePatternResolver.java:366 |main|Resolved classpath location [com/homura/app/] to resources [file [D:\git\code\SpringCircularReferenceDemo\SpringCircularReferenceDemo\target\classes\com\homura\app]]
2023-09-28 20:58:22,724|TRACE|PathMatchingResourcePatternResolver.java:805 |main|Searching directory [D:\git\code\SpringCircularReferenceDemo\SpringCircularReferenceDemo\target\classes\com\homura\app] for files matching pattern [**/*.class]
2023-09-28 20:58:22,733|TRACE|PathMatchingResourcePatternResolver.java:580 |main|Resolved location pattern [classpath*:com/homura/app/**/*.class] to resources [file [D:\git\code\SpringCircularReferenceDemo\SpringCircularReferenceDemo\target\classes\com\homura\app\App.class], file [D:\git\code\SpringCircularReferenceDemo\SpringCircularReferenceDemo\target\classes\com\homura\app\bean\Alpha.class], file [D:\git\code\SpringCircularReferenceDemo\SpringCircularReferenceDemo\target\classes\com\homura\app\bean\Beta.class], file [D:\git\code\SpringCircularReferenceDemo\SpringCircularReferenceDemo\target\classes\com\homura\app\config\AppConfig.class]]
2023-09-28 20:58:22,733|TRACE|ClassPathScanningCandidateComponentProvider.java:432 |main|Scanning file [D:\git\code\SpringCircularReferenceDemo\SpringCircularReferenceDemo\target\classes\com\homura\app\App.class]
2023-09-28 20:58:22,742|TRACE|ClassPathScanningCandidateComponentProvider.java:453 |main|Ignored because not matching any filter: file [D:\git\code\SpringCircularReferenceDemo\SpringCircularReferenceDemo\target\classes\com\homura\app\App.class]
2023-09-28 20:58:22,743|TRACE|ClassPathScanningCandidateComponentProvider.java:432 |main|Scanning file [D:\git\code\SpringCircularReferenceDemo\SpringCircularReferenceDemo\target\classes\com\homura\app\bean\Alpha.class]
2023-09-28 20:58:22,745|DEBUG|ClassPathScanningCandidateComponentProvider.java:441 |main|Identified candidate component class: file [D:\git\code\SpringCircularReferenceDemo\SpringCircularReferenceDemo\target\classes\com\homura\app\bean\Alpha.class]
2023-09-28 20:58:22,745|TRACE|ClassPathScanningCandidateComponentProvider.java:432 |main|Scanning file [D:\git\code\SpringCircularReferenceDemo\SpringCircularReferenceDemo\target\classes\com\homura\app\bean\Beta.class]
2023-09-28 20:58:22,746|DEBUG|ClassPathScanningCandidateComponentProvider.java:441 |main|Identified candidate component class: file [D:\git\code\SpringCircularReferenceDemo\SpringCircularReferenceDemo\target\classes\com\homura\app\bean\Beta.class]
2023-09-28 20:58:22,746|TRACE|ClassPathScanningCandidateComponentProvider.java:432 |main|Scanning file [D:\git\code\SpringCircularReferenceDemo\SpringCircularReferenceDemo\target\classes\com\homura\app\config\AppConfig.class]
2023-09-28 20:58:22,747|TRACE|ClassPathScanningCandidateComponentProvider.java:453 |main|Ignored because not matching any filter: file [D:\git\code\SpringCircularReferenceDemo\SpringCircularReferenceDemo\target\classes\com\homura\app\config\AppConfig.class]
2023-09-28 21:06:38,613|TRACE|AbstractApplicationContext.java:651 |main|Refreshing org.springframework.context.annotation.AnnotationConfigApplicationContext@1c5920df, started on Thu Sep 28 21:06:38 CST 2023
2023-09-28 21:07:04,395|DEBUG|DefaultSingletonBeanRegistry.java:225 |main|Creating shared instance of singleton bean 'org.springframework.context.annotation.internalConfigurationAnnotationProcessor'
2023-09-28 21:07:04,395|TRACE|AbstractAutowireCapableBeanFactory.java:485 |main|Creating instance of bean 'org.springframework.context.annotation.internalConfigurationAnnotationProcessor'
2023-09-28 21:07:06,341|TRACE|AbstractAutowireCapableBeanFactory.java:588 |main|Eagerly caching bean 'org.springframework.context.annotation.internalConfigurationAnnotationProcessor' to allow for resolving potential circular references
2023-09-28 21:07:07,148|TRACE|AbstractAutowireCapableBeanFactory.java:522 |main|Finished creating instance of bean 'org.springframework.context.annotation.internalConfigurationAnnotationProcessor'
2023-09-28 21:07:07,603|TRACE|PathMatchingResourcePatternResolver.java:880 |main|Resolved module-path location pattern [com/homura/app/**/*.class] to resources []
2023-09-28 21:07:07,603|TRACE|PathMatchingResourcePatternResolver.java:880 |main|Resolved module-path location pattern [com/homura/app/] to resources []
2023-09-28 21:07:07,605|TRACE|PathMatchingResourcePatternResolver.java:366 |main|Resolved classpath location [com/homura/app/] to resources [file [D:\git\code\SpringCircularReferenceDemo\SpringCircularReferenceDemo\target\classes\com\homura\app]]
2023-09-28 21:07:07,607|TRACE|PathMatchingResourcePatternResolver.java:805 |main|Searching directory [D:\git\code\SpringCircularReferenceDemo\SpringCircularReferenceDemo\target\classes\com\homura\app] for files matching pattern [**/*.class]
2023-09-28 21:07:07,615|TRACE|PathMatchingResourcePatternResolver.java:580 |main|Resolved location pattern [classpath*:com/homura/app/**/*.class] to resources [file [D:\git\code\SpringCircularReferenceDemo\SpringCircularReferenceDemo\target\classes\com\homura\app\App.class], file [D:\git\code\SpringCircularReferenceDemo\SpringCircularReferenceDemo\target\classes\com\homura\app\bean\Alpha.class], file [D:\git\code\SpringCircularReferenceDemo\SpringCircularReferenceDemo\target\classes\com\homura\app\bean\Beta.class], file [D:\git\code\SpringCircularReferenceDemo\SpringCircularReferenceDemo\target\classes\com\homura\app\config\AppConfig.class]]
2023-09-28 21:07:07,616|TRACE|ClassPathScanningCandidateComponentProvider.java:432 |main|Scanning file [D:\git\code\SpringCircularReferenceDemo\SpringCircularReferenceDemo\target\classes\com\homura\app\App.class]
2023-09-28 21:07:07,625|TRACE|ClassPathScanningCandidateComponentProvider.java:453 |main|Ignored because not matching any filter: file [D:\git\code\SpringCircularReferenceDemo\SpringCircularReferenceDemo\target\classes\com\homura\app\App.class]
2023-09-28 21:07:07,625|TRACE|ClassPathScanningCandidateComponentProvider.java:432 |main|Scanning file [D:\git\code\SpringCircularReferenceDemo\SpringCircularReferenceDemo\target\classes\com\homura\app\bean\Alpha.class]
2023-09-28 21:07:07,628|DEBUG|ClassPathScanningCandidateComponentProvider.java:441 |main|Identified candidate component class: file [D:\git\code\SpringCircularReferenceDemo\SpringCircularReferenceDemo\target\classes\com\homura\app\bean\Alpha.class]
2023-09-28 21:07:07,628|TRACE|ClassPathScanningCandidateComponentProvider.java:432 |main|Scanning file [D:\git\code\SpringCircularReferenceDemo\SpringCircularReferenceDemo\target\classes\com\homura\app\bean\Beta.class]
2023-09-28 21:07:07,628|DEBUG|ClassPathScanningCandidateComponentProvider.java:441 |main|Identified candidate component class: file [D:\git\code\SpringCircularReferenceDemo\SpringCircularReferenceDemo\target\classes\com\homura\app\bean\Beta.class]
2023-09-28 21:07:07,628|TRACE|ClassPathScanningCandidateComponentProvider.java:432 |main|Scanning file [D:\git\code\SpringCircularReferenceDemo\SpringCircularReferenceDemo\target\classes\com\homura\app\config\AppConfig.class]
2023-09-28 21:07:07,629|TRACE|ClassPathScanningCandidateComponentProvider.java:453 |main|Ignored because not matching any filter: file [D:\git\code\SpringCircularReferenceDemo\SpringCircularReferenceDemo\target\classes\com\homura\app\config\AppConfig.class]
2023-09-28 21:09:06,556|TRACE|ConfigurationClassEnhancer.java:111 |main|Successfully enhanced com.homura.app.config.AppConfig; enhanced class name is: com.homura.app.config.AppConfig$$SpringCGLIB$$0
2023-09-28 21:09:06,557|TRACE|ConfigurationClassPostProcessor.java:534 |main|Replacing bean definition 'appConfig' existing class 'com.homura.app.config.AppConfig' with enhanced class 'com.homura.app.config.AppConfig$$SpringCGLIB$$0'
2023-09-28 21:09:55,036|DEBUG|DefaultSingletonBeanRegistry.java:225 |main|Creating shared instance of singleton bean 'org.springframework.context.event.internalEventListenerProcessor'
2023-09-28 21:09:55,037|TRACE|AbstractAutowireCapableBeanFactory.java:485 |main|Creating instance of bean 'org.springframework.context.event.internalEventListenerProcessor'
2023-09-28 21:09:55,590|TRACE|AbstractAutowireCapableBeanFactory.java:588 |main|Eagerly caching bean 'org.springframework.context.event.internalEventListenerProcessor' to allow for resolving potential circular references
2023-09-28 21:09:56,901|TRACE|AbstractAutowireCapableBeanFactory.java:522 |main|Finished creating instance of bean 'org.springframework.context.event.internalEventListenerProcessor'
2023-09-28 21:10:14,641|DEBUG|DefaultSingletonBeanRegistry.java:225 |main|Creating shared instance of singleton bean 'org.springframework.context.event.internalEventListenerFactory'
2023-09-28 21:10:14,641|TRACE|AbstractAutowireCapableBeanFactory.java:485 |main|Creating instance of bean 'org.springframework.context.event.internalEventListenerFactory'
2023-09-28 21:10:14,642|TRACE|AbstractAutowireCapableBeanFactory.java:588 |main|Eagerly caching bean 'org.springframework.context.event.internalEventListenerFactory' to allow for resolving potential circular references
2023-09-28 21:10:14,642|TRACE|AbstractAutowireCapableBeanFactory.java:522 |main|Finished creating instance of bean 'org.springframework.context.event.internalEventListenerFactory'
2023-09-28 21:10:54,031|TRACE|AbstractApplicationContext.java:651 |main|Refreshing org.springframework.context.annotation.AnnotationConfigApplicationContext@1c5920df, started on Thu Sep 28 21:10:54 CST 2023
2023-09-28 21:11:43,294|DEBUG|DefaultSingletonBeanRegistry.java:225 |main|Creating shared instance of singleton bean 'org.springframework.context.annotation.internalConfigurationAnnotationProcessor'
2023-09-28 21:11:43,294|TRACE|AbstractAutowireCapableBeanFactory.java:485 |main|Creating instance of bean 'org.springframework.context.annotation.internalConfigurationAnnotationProcessor'
2023-09-28 21:11:43,301|TRACE|AbstractAutowireCapableBeanFactory.java:588 |main|Eagerly caching bean 'org.springframework.context.annotation.internalConfigurationAnnotationProcessor' to allow for resolving potential circular references
2023-09-28 21:11:43,302|TRACE|AbstractAutowireCapableBeanFactory.java:522 |main|Finished creating instance of bean 'org.springframework.context.annotation.internalConfigurationAnnotationProcessor'
2023-09-28 21:11:46,490|TRACE|AbstractApplicationContext.java:651 |main|Refreshing org.springframework.context.annotation.AnnotationConfigApplicationContext@1c5920df, started on Thu Sep 28 21:11:46 CST 2023
2023-09-28 21:11:54,789|DEBUG|DefaultSingletonBeanRegistry.java:225 |main|Creating shared instance of singleton bean 'org.springframework.context.annotation.internalConfigurationAnnotationProcessor'
2023-09-28 21:11:56,038|TRACE|AbstractAutowireCapableBeanFactory.java:485 |main|Creating instance of bean 'org.springframework.context.annotation.internalConfigurationAnnotationProcessor'
2023-09-28 21:11:57,479|TRACE|AbstractAutowireCapableBeanFactory.java:588 |main|Eagerly caching bean 'org.springframework.context.annotation.internalConfigurationAnnotationProcessor' to allow for resolving potential circular references
2023-09-28 21:11:57,482|TRACE|AbstractAutowireCapableBeanFactory.java:522 |main|Finished creating instance of bean 'org.springframework.context.annotation.internalConfigurationAnnotationProcessor'
2023-09-28 21:11:57,496|TRACE|PathMatchingResourcePatternResolver.java:880 |main|Resolved module-path location pattern [com/homura/app/**/*.class] to resources []
2023-09-28 21:11:57,496|TRACE|PathMatchingResourcePatternResolver.java:880 |main|Resolved module-path location pattern [com/homura/app/] to resources []
2023-09-28 21:11:57,498|TRACE|PathMatchingResourcePatternResolver.java:366 |main|Resolved classpath location [com/homura/app/] to resources [file [D:\git\code\SpringCircularReferenceDemo\SpringCircularReferenceDemo\target\classes\com\homura\app]]
2023-09-28 21:11:57,499|TRACE|PathMatchingResourcePatternResolver.java:805 |main|Searching directory [D:\git\code\SpringCircularReferenceDemo\SpringCircularReferenceDemo\target\classes\com\homura\app] for files matching pattern [**/*.class]
2023-09-28 21:11:57,508|TRACE|PathMatchingResourcePatternResolver.java:580 |main|Resolved location pattern [classpath*:com/homura/app/**/*.class] to resources [file [D:\git\code\SpringCircularReferenceDemo\SpringCircularReferenceDemo\target\classes\com\homura\app\App.class], file [D:\git\code\SpringCircularReferenceDemo\SpringCircularReferenceDemo\target\classes\com\homura\app\bean\Alpha.class], file [D:\git\code\SpringCircularReferenceDemo\SpringCircularReferenceDemo\target\classes\com\homura\app\bean\Beta.class], file [D:\git\code\SpringCircularReferenceDemo\SpringCircularReferenceDemo\target\classes\com\homura\app\config\AppConfig.class]]
2023-09-28 21:11:57,508|TRACE|ClassPathScanningCandidateComponentProvider.java:432 |main|Scanning file [D:\git\code\SpringCircularReferenceDemo\SpringCircularReferenceDemo\target\classes\com\homura\app\App.class]
2023-09-28 21:11:57,518|TRACE|ClassPathScanningCandidateComponentProvider.java:453 |main|Ignored because not matching any filter: file [D:\git\code\SpringCircularReferenceDemo\SpringCircularReferenceDemo\target\classes\com\homura\app\App.class]
2023-09-28 21:11:57,518|TRACE|ClassPathScanningCandidateComponentProvider.java:432 |main|Scanning file [D:\git\code\SpringCircularReferenceDemo\SpringCircularReferenceDemo\target\classes\com\homura\app\bean\Alpha.class]
2023-09-28 21:11:57,520|DEBUG|ClassPathScanningCandidateComponentProvider.java:441 |main|Identified candidate component class: file [D:\git\code\SpringCircularReferenceDemo\SpringCircularReferenceDemo\target\classes\com\homura\app\bean\Alpha.class]
2023-09-28 21:11:57,521|TRACE|ClassPathScanningCandidateComponentProvider.java:432 |main|Scanning file [D:\git\code\SpringCircularReferenceDemo\SpringCircularReferenceDemo\target\classes\com\homura\app\bean\Beta.class]
2023-09-28 21:11:57,521|DEBUG|ClassPathScanningCandidateComponentProvider.java:441 |main|Identified candidate component class: file [D:\git\code\SpringCircularReferenceDemo\SpringCircularReferenceDemo\target\classes\com\homura\app\bean\Beta.class]
2023-09-28 21:11:57,521|TRACE|ClassPathScanningCandidateComponentProvider.java:432 |main|Scanning file [D:\git\code\SpringCircularReferenceDemo\SpringCircularReferenceDemo\target\classes\com\homura\app\config\AppConfig.class]
2023-09-28 21:11:57,522|TRACE|ClassPathScanningCandidateComponentProvider.java:453 |main|Ignored because not matching any filter: file [D:\git\code\SpringCircularReferenceDemo\SpringCircularReferenceDemo\target\classes\com\homura\app\config\AppConfig.class]
2023-09-28 21:11:57,615|TRACE|ConfigurationClassEnhancer.java:111 |main|Successfully enhanced com.homura.app.config.AppConfig; enhanced class name is: com.homura.app.config.AppConfig$$SpringCGLIB$$0
2023-09-28 21:11:57,616|TRACE|ConfigurationClassPostProcessor.java:534 |main|Replacing bean definition 'appConfig' existing class 'com.homura.app.config.AppConfig' with enhanced class 'com.homura.app.config.AppConfig$$SpringCGLIB$$0'
2023-09-28 21:11:59,498|DEBUG|DefaultSingletonBeanRegistry.java:225 |main|Creating shared instance of singleton bean 'org.springframework.context.event.internalEventListenerProcessor'
2023-09-28 21:12:00,291|TRACE|AbstractAutowireCapableBeanFactory.java:485 |main|Creating instance of bean 'org.springframework.context.event.internalEventListenerProcessor'
2023-09-28 21:12:01,385|TRACE|AbstractAutowireCapableBeanFactory.java:588 |main|Eagerly caching bean 'org.springframework.context.event.internalEventListenerProcessor' to allow for resolving potential circular references
2023-09-28 21:12:01,386|TRACE|AbstractAutowireCapableBeanFactory.java:522 |main|Finished creating instance of bean 'org.springframework.context.event.internalEventListenerProcessor'
2023-09-28 21:12:02,017|DEBUG|DefaultSingletonBeanRegistry.java:225 |main|Creating shared instance of singleton bean 'org.springframework.context.event.internalEventListenerFactory'
2023-09-28 21:12:02,610|TRACE|AbstractAutowireCapableBeanFactory.java:485 |main|Creating instance of bean 'org.springframework.context.event.internalEventListenerFactory'
2023-09-28 21:12:03,244|TRACE|AbstractAutowireCapableBeanFactory.java:588 |main|Eagerly caching bean 'org.springframework.context.event.internalEventListenerFactory' to allow for resolving potential circular references
2023-09-28 21:12:03,244|TRACE|AbstractAutowireCapableBeanFactory.java:522 |main|Finished creating instance of bean 'org.springframework.context.event.internalEventListenerFactory'
2023-09-28 21:12:03,906|DEBUG|DefaultSingletonBeanRegistry.java:225 |main|Creating shared instance of singleton bean 'org.springframework.context.annotation.internalAutowiredAnnotationProcessor'
2023-09-28 21:12:04,458|TRACE|AbstractAutowireCapableBeanFactory.java:485 |main|Creating instance of bean 'org.springframework.context.annotation.internalAutowiredAnnotationProcessor'
2023-09-28 21:12:04,976|TRACE|AbstractAutowireCapableBeanFactory.java:588 |main|Eagerly caching bean 'org.springframework.context.annotation.internalAutowiredAnnotationProcessor' to allow for resolving potential circular references
2023-09-28 21:12:04,977|TRACE|AbstractAutowireCapableBeanFactory.java:522 |main|Finished creating instance of bean 'org.springframework.context.annotation.internalAutowiredAnnotationProcessor'
2023-09-28 21:12:04,980|TRACE|AbstractApplicationContext.java:817 |main|No 'messageSource' bean, using [Empty MessageSource]
2023-09-28 21:12:04,982|TRACE|AbstractApplicationContext.java:840 |main|No 'applicationEventMulticaster' bean, using [SimpleApplicationEventMulticaster]
2023-09-28 21:12:04,983|TRACE|DefaultListableBeanFactory.java:955 |main|Pre-instantiating singletons in org.springframework.beans.factory.support.DefaultListableBeanFactory@12d2ce03: defining beans [org.springframework.context.annotation.internalConfigurationAnnotationProcessor,org.springframework.context.annotation.internalAutowiredAnnotationProcessor,org.springframework.context.event.internalEventListenerProcessor,org.springframework.context.event.internalEventListenerFactory,appConfig,alpha,beta]; root of factory hierarchy
2023-09-28 21:12:04,983|TRACE|AbstractBeanFactory.java:256 |main|Returning cached instance of singleton bean 'org.springframework.context.annotation.internalConfigurationAnnotationProcessor'
2023-09-28 21:12:04,983|TRACE|AbstractBeanFactory.java:256 |main|Returning cached instance of singleton bean 'org.springframework.context.annotation.internalAutowiredAnnotationProcessor'
2023-09-28 21:12:04,983|TRACE|AbstractBeanFactory.java:256 |main|Returning cached instance of singleton bean 'org.springframework.context.event.internalEventListenerProcessor'
2023-09-28 21:12:04,984|TRACE|AbstractBeanFactory.java:256 |main|Returning cached instance of singleton bean 'org.springframework.context.event.internalEventListenerFactory'
2023-09-28 21:12:05,591|DEBUG|DefaultSingletonBeanRegistry.java:225 |main|Creating shared instance of singleton bean 'appConfig'
2023-09-28 21:12:06,289|TRACE|AbstractAutowireCapableBeanFactory.java:485 |main|Creating instance of bean 'appConfig'
2023-09-28 21:12:06,835|TRACE|AbstractAutowireCapableBeanFactory.java:588 |main|Eagerly caching bean 'appConfig' to allow for resolving potential circular references
2023-09-28 21:12:06,835|TRACE|AbstractAutowireCapableBeanFactory.java:522 |main|Finished creating instance of bean 'appConfig'
2023-09-28 21:12:12,022|DEBUG|DefaultSingletonBeanRegistry.java:225 |main|Creating shared instance of singleton bean 'alpha'
2023-09-28 21:12:21,437|TRACE|AbstractAutowireCapableBeanFactory.java:485 |main|Creating instance of bean 'alpha'
2023-09-28 21:12:34,327|TRACE|AbstractAutowireCapableBeanFactory.java:588 |main|Eagerly caching bean 'alpha' to allow for resolving potential circular references
2023-09-28 21:13:20,701|DEBUG|DefaultSingletonBeanRegistry.java:225 |main|Creating shared instance of singleton bean 'beta'
2023-09-28 21:13:24,861|TRACE|AbstractAutowireCapableBeanFactory.java:485 |main|Creating instance of bean 'beta'
2023-09-28 21:13:33,286|TRACE|AbstractAutowireCapableBeanFactory.java:588 |main|Eagerly caching bean 'beta' to allow for resolving potential circular references
2023-09-28 21:14:34,048|TRACE|AbstractBeanFactory.java:252 |main|Returning eagerly cached instance of singleton bean 'alpha' that is not fully initialized yet - a consequence of a circular reference
